2021-02-16 08:28:50.835 [main] INFO  c.johnlpage.mongosyphon.MongoSyphon:25 - MongoSyphon Version 0.1.1
2021-02-16 08:28:50.837 [main] INFO  c.j.mongosyphon.CommandLineOptions:23 - Parsing Command Line
2021-02-16 08:28:50.880 [main] INFO  c.j.mongosyphon.DocumentGenerator:123 - connecting to jdbc:mysql://database-1.cb7xvxwyioz4.eu-west-3.rds.amazonaws.com:3306/employees
2021-02-16 08:28:50.881 [main] INFO  c.j.mongosyphon.RDBMSConnection:60 - Source is MySQL
2021-02-16 08:28:51.414 [main] ERROR c.j.mongosyphon.RDBMSConnection:84 - Unable to connect to RDBMS
2021-02-16 08:28:51.414 [main] ERROR c.j.mongosyphon.RDBMSConnection:85 - Unknown database 'employees'
2021-02-16 08:31:49.095 [main] INFO  c.johnlpage.mongosyphon.MongoSyphon:25 - MongoSyphon Version 0.1.1
2021-02-16 08:31:49.096 [main] INFO  c.j.mongosyphon.CommandLineOptions:23 - Parsing Command Line
2021-02-16 08:31:49.127 [main] INFO  c.j.mongosyphon.DocumentGenerator:123 - connecting to jdbc:mysql://database-1.cb7xvxwyioz4.eu-west-3.rds.amazonaws.com:3306/employees
2021-02-16 08:31:49.127 [main] INFO  c.j.mongosyphon.RDBMSConnection:60 - Source is MySQL
2021-02-16 08:31:49.518 [main] INFO  c.j.mongosyphon.MongoBulkWriter:40 - Connecting to mongodb+srv://cluster1.vu4x4.mongodb.net/test --username main_user --password main_pass
2021-02-16 08:35:04.115 [main] INFO  c.johnlpage.mongosyphon.MongoSyphon:25 - MongoSyphon Version 0.1.1
2021-02-16 08:35:04.117 [main] INFO  c.j.mongosyphon.CommandLineOptions:23 - Parsing Command Line
2021-02-16 08:35:04.147 [main] INFO  c.j.mongosyphon.DocumentGenerator:123 - connecting to jdbc:mysql://database-1.cb7xvxwyioz4.eu-west-3.rds.amazonaws.com:3306/employees
2021-02-16 08:35:04.148 [main] INFO  c.j.mongosyphon.RDBMSConnection:60 - Source is MySQL
2021-02-16 08:35:04.523 [main] INFO  c.j.mongosyphon.MongoBulkWriter:40 - Connecting to mongodb://localhost:27017
2021-02-16 08:36:28.954 [main] INFO  c.johnlpage.mongosyphon.MongoSyphon:25 - MongoSyphon Version 0.1.1
2021-02-16 08:36:28.956 [main] INFO  c.j.mongosyphon.CommandLineOptions:23 - Parsing Command Line
2021-02-16 08:36:28.986 [main] INFO  c.j.mongosyphon.DocumentGenerator:123 - connecting to jdbc:mysql://database-1.cb7xvxwyioz4.eu-west-3.rds.amazonaws.com:3306/employees
2021-02-16 08:36:28.987 [main] INFO  c.j.mongosyphon.RDBMSConnection:60 - Source is MySQL
2021-02-16 08:36:29.384 [main] INFO  c.j.mongosyphon.MongoBulkWriter:40 - Connecting to mongodb://localhost:27017
